<?xml version="1.0" encoding="UTF-8"?>
<!-- Generated by org.testng.reporters.JUnitReportReporter -->
<testsuite hostname="Parvs-Laptop" failures="0" tests="1" name="com.crm.comcast.organizationtest.CreateOrgUsingTestNG" time="34.792" errors="0" timestamp="2021-10-29T16:12:32 IST" skipped="0">
  <testcase classname="com.crm.comcast.organizationtest.CreateOrgUsingTestNG" name="createOrgTest" time="34.792"/>
  <system-out/>
</testsuite> <!-- com.crm.comcast.organizationtest.CreateOrgUsingTestNG -->
