<?xml version="1.0" encoding="UTF-8"?>
<!-- Generated by org.testng.reporters.JUnitReportReporter -->
<testsuite hostname="Parvs-Laptop" failures="0" tests="1" name="com.vtiger.comcast.organizationtest.CreateOrganizationWithIndustry" time="23.638" errors="0" timestamp="2021-11-07T21:26:26 IST" skipped="0">
  <testcase classname="com.vtiger.comcast.organizationtest.CreateOrganizationWithIndustry" name="confiBC" time="23.638"/>
  <system-out/>
</testsuite> <!-- com.vtiger.comcast.organizationtest.CreateOrganizationWithIndustry -->
